[11/07/18, 17:12:32:430] info: ╔═══════════════════════════════════════════════════════════════════════╗
[11/07/18, 17:12:32:431] info: ║      Slack 3.3.3, darwin 16.7.0 on x64 at 11/07/18, 17:12:32:427      ║
[11/07/18, 17:12:32:431] info: ╚═══════════════════════════════════════════════════════════════════════╝
[11/07/18, 17:12:32:587] info: Initializing local storage instance at path: /Users/pscott/Library/Application Support/Slack/local-settings.json
[11/07/18, 17:12:32:773] info: NetworkStatus: Waiting for network online…
[11/07/18, 17:12:32:978] info: Store: SET_UPDATE_STATUS up-to-date
[11/07/18, 17:12:32:988] info: Store: BACKGROUND_CLIENTS_INITIALIZED
[11/07/18, 17:12:32:989] info: Store: BACKGROUND_CLIENTS_INITIALIZED true
[11/07/18, 17:12:33:168] info: NetworkStatus: Response from api.test
{
  "status": "online"
}
[11/07/18, 17:12:33:571] info: Store: SET_NETWORK_STATUS online
[11/07/18, 17:12:33:572] info: Store: MAIN_WINDOW_SHOWN
[11/07/18, 17:12:33:586] info: Store: ADD_WINDOW
{
  "id": 3,
  "type": "sign-in"
}
[11/07/18, 17:12:50:743] info: Store: SIGN_IN_COMPLETE
[11/07/18, 17:12:51:048] info: Store: SIGN_IN_CANCELED
[11/07/18, 17:12:51:049] info: Store: REMOVE_WINDOW 3
[11/07/18, 17:12:51:052] info: Store: ADD_NEW_TEAM
{
  "id": "UCUJ7C3QS",
  "name": "[REDACTED]",
  "team_id": "T039P7U66",
  "team_name": "[REDACTED]",
  "team_url": "[REDACTED]"
}
[11/07/18, 17:12:51:063] info: Store: UPSERT_WEB_CONTENTS
{
  "id": 4,
  "state": "unloaded",
  "teamId": "T039P7U66"
}
[11/07/18, 17:12:55:158] info: Store: UPSERT_WEB_CONTENTS
{
  "id": 4,
  "state": "loaded",
  "teamId": "T039P7U66"
}
[11/07/18, 17:12:55:379] info: Store: UPDATE_SESSION_STATUS
{
  "hasValidSession": true,
  "teamId": "T039P7U66"
}
[11/07/18, 17:12:55:874] info: Store: SELECT_CHANNEL C039P7U6E
[11/07/18, 17:12:55:878] info: Store: UPDATE_TEAM_LOCALE
{
  "locale": "en-US",
  "teamId": "T039P7U66"
}
[11/07/18, 17:12:55:935] info: Store: UPDATE_SETTINGS
{
  "locale": "en-US"
}
[11/07/18, 17:12:56:019] info: Store: UPDATE_TEAM_THEME
{
  "teamId": "T039P7U66",
  "theme": {
    "active_item": "#4C9689",
    "active_item_text": "#FFFFFF",
    "active_presence": "#38978D",
    "badge": "#EB4D5C",
    "column_bg": "#4D394B",
    "hover_item": "#3E313C",
    "menu_bg": "#3E313C",
    "text_color": "#FFFFFF"
  }
}
[11/07/18, 17:12:56:407] info: Store: UPDATE_TEAM_ICONS
{
  "icons": {
    "image_102": "https://avatars.slack-edge.com/2015-01-16/3430328729_21d38518d6bf3013d981_102.jpg",
    "image_132": "https://avatars.slack-edge.com/2015-01-16/3430328729_21d38518d6bf3013d981_132.jpg",
    "image_230": "https://avatars.slack-edge.com/2015-01-16/3430328729_21d38518d6bf3013d981_132.jpg",
    "image_34": "https://avatars.slack-edge.com/2015-01-16/3430328729_21d38518d6bf3013d981_34.jpg",
    "image_44": "https://avatars.slack-edge.com/2015-01-16/3430328729_21d38518d6bf3013d981_44.jpg",
    "image_68": "https://avatars.slack-edge.com/2015-01-16/3430328729_21d38518d6bf3013d981_68.jpg",
    "image_88": "https://avatars.slack-edge.com/2015-01-16/3430328729_21d38518d6bf3013d981_88.jpg",
    "image_original": "https://avatars.slack-edge.com/2015-01-16/3430328729_21d38518d6bf3013d981_original.jpg"
  },
  "teamId": "T039P7U66"
}
[11/07/18, 17:12:56:977] info: Store: UPDATE_TEAM_LOCALE
{
  "locale": "en-US",
  "teamId": "T039P7U66"
}
[11/07/18, 17:12:57:034] info: Store: UPSERT_WEB_CONTENTS
{
  "id": 4,
  "state": "webapp-loaded",
  "teamId": "T039P7U66"
}
[11/07/18, 17:12:57:039] info: Store: UPDATE_SETTINGS
{
  "sandboxSigninWindow": true
}
[11/07/18, 17:12:57:233] info: Store: STORE_ENTERPRISE_ID_PAIR
{
  "enterpriseId": null,
  "teamId": "T039P7U66"
}
[11/07/18, 17:12:57:234] info: Store: STORE_API_TOKEN
{
  "teamId": "T039P7U66",
  "token": "xoxs-⋯"
}
